<?xml version="1.0" encoding="UTF-8" ?>
<testsuite errors="0" failures="0" hostname="sausage.cs.byu.edu" name="shared.Testing2" skipped="0" tests="5" time="0.012" timestamp="2015-02-06T18:00:08">
  <properties>
    <property name="java.vendor" value="Oracle Corporation" />
    <property name="env.SESSION_MANAGER" value="local/unix:@/tmp/.ICE-unix/28832,unix/unix:/tmp/.ICE-unix/28832" />
    <property name="env.LESSOPEN" value="||/usr/bin/lesspipe.sh %s" />
    <property name="sun.java.launcher" value="SUN_STANDARD" />
    <property name="env.LOADEDMODULES" value="" />
    <property name="env.QT_IM_MODULE" value="xim" />
    <property name="sun.management.compiler" value="HotSpot 64-Bit Tiered Compilers" />
    <property name="os.name" value="Linux" />
    <property name="sun.boot.class.path" value="/usr/lib/jvm/java-1.7.0-openjdk-1.7.0.71-2.5.3.3.fc20.x86_64/jre/lib/resources.jar:/usr/lib/jvm/java-1.7.0-openjdk-1.7.0.71-2.5.3.3.fc20.x86_64/jre/lib/rt.jar:/usr/lib/jvm/java-1.7.0-openjdk-1.7.0.71-2.5.3.3.fc20.x86_64/jre/lib/sunrsasign.jar:/usr/lib/jvm/java-1.7.0-openjdk-1.7.0.71-2.5.3.3.fc20.x86_64/jre/lib/jsse.jar:/usr/lib/jvm/java-1.7.0-openjdk-1.7.0.71-2.5.3.3.fc20.x86_64/jre/lib/jce.jar:/usr/lib/jvm/java-1.7.0-openjdk-1.7.0.71-2.5.3.3.fc20.x86_64/jre/lib/charsets.jar:/usr/lib/jvm/java-1.7.0-openjdk-1.7.0.71-2.5.3.3.fc20.x86_64/jre/lib/rhino.jar:/usr/lib/jvm/java-1.7.0-openjdk-1.7.0.71-2.5.3.3.fc20.x86_64/jre/lib/jfr.jar:/usr/lib/jvm/java-1.7.0-openjdk-1.7.0.71-2.5.3.3.fc20.x86_64/jre/classes" />
    <property name="env.PWD" value="/users/home1/guest/j/joshlowe/SettlersOfCatan/CatanWorkspace/SettlersOfCatan" />
    <property name="env.LANG" value="en_US.UTF-8" />
    <property name="java.vm.specification.vendor" value="Oracle Corporation" />
    <property name="ant.home" value="/usr/share/ant" />
    <property name="java.runtime.version" value="1.7.0_71-mockbuild_2014_12_16_10_44-b00" />
    <property name="env.GTK_IM_MODULE" value="gtk-im-context-simple" />
    <property name="ant.file.SettlersOfCatan" value="/users/home1/guest/j/joshlowe/SettlersOfCatan/CatanWorkspace/SettlersOfCatan/build.xml" />
    <property name="env.HISTSIZE" value="1000000" />
    <property name="env.XDG_VTNR" value="1" />
    <property name="env.DISPLAY" value=":0.0" />
    <property name="env.QT_GRAPHICSSYSTEM_CHECKED" value="1" />
    <property name="user.name" value="joshlowe" />
    <property name="env.USER" value="joshlowe" />
    <property name="env.HISTCONTROL" value="ignoredups" />
    <property name="env.SHELL" value="/bin/bash" />
    <property name="env.QTLIB" value="/usr/lib64/qt-3.3/lib" />
    <property name="env.DESKTOP_SESSION" value="default" />
    <property name="env.NLSPATH" value="/usr/dt/lib/nls/msg/%L/%N.cat" />
    <property name="env.PATH" value="/usr/network/bin:/usr/local/bin:/usr/bin:/bin:/sbin:/usr/sbin:/mnt/sysimage/bin:/mnt/sysimage/usr/bin:/mnt/sysimage/usr/sbin:/mnt/sysimage/sbin:/sbin:/usr/sbin" />
    <property name="user.language" value="en" />
    <property name="env.MODULEPATH" value="/usr/share/Modules/modulefiles:/etc/modulefiles" />
    <property name="env.IMSETTINGS_MODULE" value="none" />
    <property name="sun.boot.library.path" value="/usr/lib/jvm/java-1.7.0-openjdk-1.7.0.71-2.5.3.3.fc20.x86_64/jre/lib/amd64" />
    <property name="ant.project.default-target" value="build" />
    <property name="ant.project.name" value="SettlersOfCatan" />
    <property name="java.version" value="1.7.0_71" />
    <property name="user.timezone" value="" />
    <property name="env.DBUS_SESSION_BUS_ADDRESS" value="unix:abstract=/tmp/dbus-HMyWVoBLC5,guid=09bc7d260a9e7799ca28a45154d50090" />
    <property name="sun.arch.data.model" value="64" />
    <property name="env.SSH_AGENT_PID" value="28987" />
    <property name="java.endorsed.dirs" value="/usr/lib/jvm/java-1.7.0-openjdk-1.7.0.71-2.5.3.3.fc20.x86_64/jre/lib/endorsed" />
    <property name="sun.cpu.isalist" value="" />
    <property name="sun.jnu.encoding" value="UTF-8" />
    <property name="file.encoding.pkg" value="sun.io" />
    <property name="env.SHLVL" value="2" />
    <property name="ECLIPSE_HOME" value="../../../../../../../usr/lib64/eclipse" />
    <property name="file.separator" value="/" />
    <property name="env.HOSTNAME" value="sausage.cs.byu.edu" />
    <property name="java.specification.name" value="Java Platform API Specification" />
    <property name="env.IMSETTINGS_INTEGRATE_DESKTOP" value="yes" />
    <property name="env.QTDIR" value="/usr/lib64/qt-3.3" />
    <property name="java.class.version" value="51.0" />
    <property name="user.country" value="US" />
    <property name="env.GNOME_KEYRING_PID" value="28830" />
    <property name="java.home" value="/usr/lib/jvm/java-1.7.0-openjdk-1.7.0.71-2.5.3.3.fc20.x86_64/jre" />
    <property name="java.vm.info" value="mixed mode" />
    <property name="env.KRB5CCNAME" value="KEYRING:persistent:5165" />
    <property name="env.LOGNAME" value="joshlowe" />
    <property name="ant.file" value="/users/home1/guest/j/joshlowe/SettlersOfCatan/CatanWorkspace/SettlersOfCatan/build.xml" />
    <property name="os.version" value="3.17.8-200.fc20.x86_64" />
    <property name="ant.file.type.SettlersOfCatan" value="file" />
    <property name="path.separator" value=":" />
    <property name="java.vm.version" value="24.65-b04" />
    <property name="env.QTINC" value="/usr/lib64/qt-3.3/include" />
    <property name="ant.library.dir" value="/usr/share/ant/lib" />
    <property name="env.DM_CONTROL" value="/var/run/xdmctl" />
    <property name="junit.output.dir" value="junit" />
    <property name="env.JAVA_HOME" value="/usr/lib/jvm/java-1.7.0-openjdk" />
    <property name="java.awt.printerjob" value="sun.print.PSPrinterJob" />
    <property name="env.TERM" value="xterm-256color" />
    <property name="env.WINDOWPATH" value="1" />
    <property name="sun.io.unicode.encoding" value="UnicodeLittle" />
    <property name="awt.toolkit" value="sun.awt.X11.XToolkit" />
    <property name="env.XMODIFIERS" value="@im=none" />
    <property name="env.MATE_DESKTOP_SESSION_ID" value="this-is-deprecated" />
    <property name="user.home" value="/users/guest/j/joshlowe" />
    <property name="target" value="1.7" />
    <property name="env.BASH_FUNC_module()" value="() {  eval `/usr/bin/modulecmd bash $*`&#xa;}" />
    <property name="java.specification.vendor" value="Oracle Corporation" />
    <property name="env.HISTTIMEFORMAT" value="%d/%m/%y %T " />
    <property name="env.WINDOWID" value="56623135" />
    <property name="java.library.path" value="/usr/java/packages/lib/amd64:/usr/lib64:/lib64:/lib:/usr/lib" />
    <property name="java.vendor.url" value="http://java.oracle.com/" />
    <property name="java.vm.vendor" value="Oracle Corporation" />
    <property name="env.XDG_SEAT" value="seat0" />
    <property name="java.runtime.name" value="OpenJDK Runtime Environment" />
    <property name="ant.version" value="Apache Ant(TM) version 1.9.2 compiled on September 12 2013" />
    <property name="java.class.path" value="/usr/share/java/ant.jar:/usr/share/java/ant-launcher.jar:/usr/share/java/jaxp_parser_impl.jar:/usr/share/java/xml-commons-apis.jar:/usr/share/java/antlr.jar:/usr/share/java/ant/ant-antlr.jar:/usr/share/java/bcel.jar:/usr/share/java/ant/ant-apache-bcel.jar:/usr/share/java/bsf.jar:/usr/share/java/ant/ant-apache-bsf.jar:/usr/share/java/ivy.jar:/usr/share/java/log4j.jar:/usr/share/java/ant/ant-apache-log4j.jar:/usr/share/java/oro.jar:/usr/share/java/ant/ant-apache-oro.jar:/usr/share/java/regexp.jar:/usr/share/java/ant/ant-apache-regexp.jar:/usr/share/java/xml-commons-resolver.jar:/usr/share/java/ant/ant-apache-resolver.jar:/usr/share/java/xalan-j2.jar:/usr/share/java/xalan-j2-serializer.jar:/usr/share/java/ant/ant-apache-xalan2.jar:/usr/share/java/apache-commons-logging.jar:/usr/share/java/ant/ant-commons-logging.jar:/usr/share/java/apache-commons-net.jar:/usr/share/java/ant/ant-commons-net.jar:/usr/share/java/javamail/gimap.jar:/usr/share/java/javamail/pop3.jar:/usr/share/java/javamail/mailapi.jar:/usr/share/java/javamail/smtp.jar:/usr/share/java/javamail/imap.jar:/usr/share/java/javamail/mail.jar:/usr/share/java/javamail/dsn.jar:/usr/share/java/javamail/javax.mail.jar:/usr/share/java/javamail/javax.mail-api.jar:/usr/share/java/ant/ant-javamail.jar:/usr/share/java/jdepend.jar:/usr/share/java/ant/ant-jdepend.jar:/usr/share/java/ant/ant-jmf.jar:/usr/share/java/jsch.jar:/usr/share/java/ant/ant-jsch.jar:/usr/share/java/junit.jar:/usr/share/java/ant/ant-junit.jar:/usr/share/java/junit.jar:/usr/share/java/ant/ant-junit4.jar:/usr/share/java/ant/ant-swing.jar:/usr/share/java/ant/ant-testutil.jar:/usr/lib/jvm/java-1.7.0-openjdk/lib/tools.jar:/usr/share/ant/lib/ant-apache-log4j.jar:/usr/share/ant/lib/ant-apache-oro.jar:/usr/share/ant/lib/ant-testutil.jar:/usr/share/ant/lib/ant-apache-regexp.jar:/usr/share/ant/lib/ant-commons-logging.jar:/usr/share/ant/lib/ant-junit4.jar:/usr/share/ant/lib/ant-junit.jar:/usr/share/ant/lib/ant-apache-bsf.jar:/usr/share/ant/lib/ant-commons-net.jar:/usr/share/ant/lib/ant-swing.jar:/usr/share/ant/lib/ant-jdepend.jar:/usr/share/ant/lib/ant-apache-bcel.jar:/usr/share/ant/lib/ant-jsch.jar:/usr/share/ant/lib/ant-antlr.jar:/usr/share/ant/lib/ant-apache-xalan2.jar:/usr/share/ant/lib/ant-jmf.jar:/usr/share/ant/lib/ant-bootstrap.jar:/usr/share/ant/lib/ant-launcher.jar:/usr/share/ant/lib/ant-javamail.jar:/usr/share/ant/lib/ant.jar:/usr/share/ant/lib/ant-apache-resolver.jar" />
    <property name="sun.java.command" value="org.apache.tools.ant.launch.Launcher -cp  SettlersOfCatan" />
    <property name="env.XDG_SESSION_ID" value="292" />
    <property name="env.CVS_RSH" value="ssh" />
    <property name="env.XFILESEARCHPATH" value="/usr/dt/app-defaults/%L/Dt" />
    <property name="java.vm.specification.name" value="Java Virtual Machine Specification" />
    <property name="ant.file.type" value="file" />
    <property name="env.MODULESHOME" value="/usr/share/Modules" />
    <property name="java.vm.specification.version" value="1.7" />
    <property name="env.XDM_MANAGED" value="method=classic" />
    <property name="sun.os.patch.level" value="unknown" />
    <property name="sun.cpu.endian" value="little" />
    <property name="debuglevel" value="source,lines,vars" />
    <property name="env.HOME" value="/users/guest/j/joshlowe" />
    <property name="java.io.tmpdir" value="/tmp" />
    <property name="env.LS_COLORS" value="rs=0:di=38;5;27:ln=38;5;51:mh=44;38;5;15:pi=40;38;5;11:so=38;5;13:do=38;5;5:bd=48;5;232;38;5;11:cd=48;5;232;38;5;3:or=48;5;232;38;5;9:mi=05;48;5;232;38;5;15:su=48;5;196;38;5;15:sg=48;5;11;38;5;16:ca=48;5;196;38;5;226:tw=48;5;10;38;5;16:ow=48;5;10;38;5;21:st=48;5;21;38;5;15:ex=38;5;34:*.tar=38;5;9:*.tgz=38;5;9:*.arc=38;5;9:*.arj=38;5;9:*.taz=38;5;9:*.lha=38;5;9:*.lzh=38;5;9:*.lzma=38;5;9:*.tlz=38;5;9:*.txz=38;5;9:*.tzo=38;5;9:*.t7z=38;5;9:*.zip=38;5;9:*.z=38;5;9:*.Z=38;5;9:*.dz=38;5;9:*.gz=38;5;9:*.lrz=38;5;9:*.lz=38;5;9:*.lzo=38;5;9:*.xz=38;5;9:*.bz2=38;5;9:*.bz=38;5;9:*.tbz=38;5;9:*.tbz2=38;5;9:*.tz=38;5;9:*.deb=38;5;9:*.rpm=38;5;9:*.jar=38;5;9:*.war=38;5;9:*.ear=38;5;9:*.sar=38;5;9:*.rar=38;5;9:*.alz=38;5;9:*.ace=38;5;9:*.zoo=38;5;9:*.cpio=38;5;9:*.7z=38;5;9:*.rz=38;5;9:*.cab=38;5;9:*.jpg=38;5;13:*.jpeg=38;5;13:*.gif=38;5;13:*.bmp=38;5;13:*.pbm=38;5;13:*.pgm=38;5;13:*.ppm=38;5;13:*.tga=38;5;13:*.xbm=38;5;13:*.xpm=38;5;13:*.tif=38;5;13:*.tiff=38;5;13:*.png=38;5;13:*.svg=38;5;13:*.svgz=38;5;13:*.mng=38;5;13:*.pcx=38;5;13:*.mov=38;5;13:*.mpg=38;5;13:*.mpeg=38;5;13:*.m2v=38;5;13:*.mkv=38;5;13:*.ogm=38;5;13:*.mp4=38;5;13:*.m4v=38;5;13:*.mp4v=38;5;13:*.vob=38;5;13:*.qt=38;5;13:*.nuv=38;5;13:*.wmv=38;5;13:*.asf=38;5;13:*.rm=38;5;13:*.rmvb=38;5;13:*.flc=38;5;13:*.avi=38;5;13:*.fli=38;5;13:*.flv=38;5;13:*.gl=38;5;13:*.dl=38;5;13:*.xcf=38;5;13:*.xwd=38;5;13:*.yuv=38;5;13:*.cgm=38;5;13:*.emf=38;5;13:*.axv=38;5;13:*.anx=38;5;13:*.ogv=38;5;13:*.ogx=38;5;13:*.aac=38;5;45:*.au=38;5;45:*.flac=38;5;45:*.mid=38;5;45:*.midi=38;5;45:*.mka=38;5;45:*.mp3=38;5;45:*.mpc=38;5;45:*.ogg=38;5;45:*.ra=38;5;45:*.wav=38;5;45:*.axa=38;5;45:*.oga=38;5;45:*.spx=38;5;45:*.xspf=38;5;45:" />
    <property name="java.vendor.url.bug" value="http://bugreport.sun.com/bugreport/" />
    <property name="env.SSH_AUTH_SOCK" value="/run/user/5165/keyring-fviQgs/ssh" />
    <property name="env.KDEDIRS" value="/usr" />
    <property name="os.arch" value="amd64" />
    <property name="java.awt.graphicsenv" value="sun.awt.X11GraphicsEnvironment" />
    <property name="java.ext.dirs" value="/usr/lib/jvm/java-1.7.0-openjdk-1.7.0.71-2.5.3.3.fc20.x86_64/jre/lib/ext:/usr/java/packages/lib/ext" />
    <property name="env.XDG_RUNTIME_DIR" value="/run/user/5165" />
    <property name="env.XAUTHORITY" value="/tmp/.XauthUUWw9a" />
    <property name="user.dir" value="/users/home1/guest/j/joshlowe/SettlersOfCatan/CatanWorkspace/SettlersOfCatan" />
    <property name="line.separator" value="&#xa;" />
    <property name="java.vm.name" value="OpenJDK 64-Bit Server VM" />
    <property name="env.COLORTERM" value="mate-terminal" />
    <property name="basedir" value="/users/home1/guest/j/joshlowe/SettlersOfCatan/CatanWorkspace/SettlersOfCatan" />
    <property name="ant.java.version" value="1.7" />
    <property name="ant.core.lib" value="/usr/share/java/ant/ant.jar" />
    <property name="source" value="1.7" />
    <property name="env.MAIL" value="/var/spool/mail/joshlowe" />
    <property name="file.encoding" value="UTF-8" />
    <property name="env.GPG_AGENT_INFO" value="/run/user/5165/keyring-fviQgs/gpg:0:1" />
    <property name="env.KDE_IS_PRELINKED" value="1" />
    <property name="java.specification.version" value="1.7" />
    <property name="env.GNOME_KEYRING_CONTROL" value="/run/user/5165/keyring-fviQgs" />
    <property name="ant.project.invoked-targets" value="SettlersOfCatan" />
    <property name="env.SSH_ASKPASS" value="/usr/libexec/openssh/gnome-ssh-askpass" />
  </properties>
  <testcase classname="shared.Testing2" name="canBuildSettlement" time="0.005" />
  <testcase classname="shared.Testing2" name="setup" time="0.0" />
  <testcase classname="shared.Testing2" name="canMaritimeTrade" time="0.001" />
  <testcase classname="shared.Testing2" name="canBuildCity" time="0.0" />
  <testcase classname="shared.Testing2" name="canBuildRoad" time="0.0" />
  <system-out><![CDATA[]]></system-out>
  <system-err><![CDATA[]]></system-err>
</testsuite>
